\BOOKMARK [1][-]{section.1}{字符串}{}% 1
\BOOKMARK [2][-]{subsection.1.1}{string类操作}{section.1}% 2
\BOOKMARK [2][-]{subsection.1.2}{KMP}{section.1}% 3
\BOOKMARK [2][-]{subsection.1.3}{Trie树/AC自动机}{section.1}% 4
\BOOKMARK [2][-]{subsection.1.4}{Manacher}{section.1}% 5
\BOOKMARK [2][-]{subsection.1.5}{后缀数组}{section.1}% 6
\BOOKMARK [3][-]{subsubsection.1.5.1}{倍增}{subsection.1.5}% 7
\BOOKMARK [3][-]{subsubsection.1.5.2}{DC3}{subsection.1.5}% 8
\BOOKMARK [3][-]{subsubsection.1.5.3}{后缀数组经典应用}{subsection.1.5}% 9
\BOOKMARK [2][-]{subsection.1.6}{字符串哈希}{section.1}% 10
\BOOKMARK [2][-]{subsection.1.7}{其他}{section.1}% 11
\BOOKMARK [3][-]{subsubsection.1.7.1}{最大/小表示法}{subsection.1.7}% 12
\BOOKMARK [1][-]{section.2}{树图}{}% 13
\BOOKMARK [2][-]{subsection.2.1}{拓扑排序}{section.2}% 14
\BOOKMARK [2][-]{subsection.2.2}{并查集}{section.2}% 15
\BOOKMARK [3][-]{subsubsection.2.2.1}{普通并查集}{subsection.2.2}% 16
\BOOKMARK [3][-]{subsubsection.2.2.2}{带权并查集}{subsection.2.2}% 17
\BOOKMARK [2][-]{subsection.2.3}{最短路}{section.2}% 18
\BOOKMARK [2][-]{subsection.2.4}{最小生成树}{section.2}% 19
\BOOKMARK [3][-]{subsubsection.2.4.1}{Prim}{subsection.2.4}% 20
\BOOKMARK [2][-]{subsection.2.5}{次小生成树}{section.2}% 21
\BOOKMARK [2][-]{subsection.2.6}{tarjan}{section.2}% 22
\BOOKMARK [3][-]{subsubsection.2.6.1}{强连通分量}{subsection.2.6}% 23
\BOOKMARK [3][-]{subsubsection.2.6.2}{边-双连通分量}{subsection.2.6}% 24
\BOOKMARK [3][-]{subsubsection.2.6.3}{点-双连通分量}{subsection.2.6}% 25
\BOOKMARK [2][-]{subsection.2.7}{LCA}{section.2}% 26
\BOOKMARK [3][-]{subsubsection.2.7.1}{ST表在线}{subsection.2.7}% 27
\BOOKMARK [3][-]{subsubsection.2.7.2}{Tarjan离线}{subsection.2.7}% 28
\BOOKMARK [2][-]{subsection.2.8}{最小支配集/最小点覆盖/最大独立集}{section.2}% 29
\BOOKMARK [1][-]{section.3}{网络流}{}% 30
\BOOKMARK [2][-]{subsection.3.1}{最大流\(Dinic\)}{section.3}% 31
\BOOKMARK [2][-]{subsection.3.2}{最小费用最大流}{section.3}% 32
\BOOKMARK [2][-]{subsection.3.3}{上下界网络流}{section.3}% 33
\BOOKMARK [2][-]{subsection.3.4}{常见模型}{section.3}% 34
\BOOKMARK [1][-]{section.4}{二分图}{}% 35
\BOOKMARK [2][-]{subsection.4.1}{判断二分图}{section.4}% 36
\BOOKMARK [2][-]{subsection.4.2}{最大匹配}{section.4}% 37
\BOOKMARK [2][-]{subsection.4.3}{完美匹配}{section.4}% 38
\BOOKMARK [2][-]{subsection.4.4}{最优匹配\(KM算法\)}{section.4}% 39
\BOOKMARK [2][-]{subsection.4.5}{最小支配集/最小点覆盖/最大独立集/最大团/最小路径覆盖}{section.4}% 40
\BOOKMARK [2][-]{subsection.4.6}{多重匹配}{section.4}% 41
\BOOKMARK [1][-]{section.5}{动态规划}{}% 42
\BOOKMARK [2][-]{subsection.5.1}{子序列/子串}{section.5}% 43
\BOOKMARK [3][-]{subsubsection.5.1.1}{最大连续子序列和}{subsection.5.1}% 44
\BOOKMARK [3][-]{subsubsection.5.1.2}{最大上升/下降子序列}{subsection.5.1}% 45
\BOOKMARK [2][-]{subsection.5.2}{背包}{section.5}% 46
\BOOKMARK [2][-]{subsection.5.3}{数位dp}{section.5}% 47
\BOOKMARK [2][-]{subsection.5.4}{区间dp}{section.5}% 48
\BOOKMARK [3][-]{subsubsection.5.4.1}{石头合并问题}{subsection.5.4}% 49
\BOOKMARK [2][-]{subsection.5.5}{其他}{section.5}% 50
\BOOKMARK [3][-]{subsubsection.5.5.1}{编辑距离}{subsection.5.5}% 51
\BOOKMARK [1][-]{section.6}{基础数论}{}% 52
\BOOKMARK [2][-]{subsection.6.1}{素数}{section.6}% 53
\BOOKMARK [3][-]{subsubsection.6.1.1}{O\(logn\)素数判定}{subsection.6.1}% 54
\BOOKMARK [2][-]{subsection.6.2}{快速幂取模}{section.6}% 55
\BOOKMARK [2][-]{subsection.6.3}{欧拉函数}{section.6}% 56
\BOOKMARK [2][-]{subsection.6.4}{欧拉降幂}{section.6}% 57
\BOOKMARK [2][-]{subsection.6.5}{拓展欧几里得\(EXGCD\)}{section.6}% 58
\BOOKMARK [2][-]{subsection.6.6}{中国剩余定理\(CRT\)}{section.6}% 59
\BOOKMARK [2][-]{subsection.6.7}{逆元}{section.6}% 60
\BOOKMARK [2][-]{subsection.6.8}{BSGS}{section.6}% 61
\BOOKMARK [2][-]{subsection.6.9}{小技巧}{section.6}% 62
\BOOKMARK [3][-]{subsubsection.6.9.1}{求n!位数}{subsection.6.9}% 63
\BOOKMARK [1][-]{section.7}{博弈}{}% 64
\BOOKMARK [2][-]{subsection.7.1}{SG函数}{section.7}% 65
\BOOKMARK [2][-]{subsection.7.2}{Bash\040Game}{section.7}% 66
\BOOKMARK [2][-]{subsection.7.3}{Wythoff\040Game}{section.7}% 67
\BOOKMARK [2][-]{subsection.7.4}{Nim\040Game}{section.7}% 68
\BOOKMARK [2][-]{subsection.7.5}{Fibonaci\040Game}{section.7}% 69
\BOOKMARK [1][-]{section.8}{计算几何}{}% 70
\BOOKMARK [2][-]{subsection.8.1}{注意点}{section.8}% 71
\BOOKMARK [2][-]{subsection.8.2}{公式}{section.8}% 72
\BOOKMARK [2][-]{subsection.8.3}{模板1}{section.8}% 73
\BOOKMARK [1][-]{section.9}{区间问题}{}% 74
\BOOKMARK [2][-]{subsection.9.1}{线段树}{section.9}% 75
\BOOKMARK [2][-]{subsection.9.2}{RMQ}{section.9}% 76
\BOOKMARK [2][-]{subsection.9.3}{树状数组}{section.9}% 77
\BOOKMARK [3][-]{subsubsection.9.3.1}{单点更新区间求和}{subsection.9.3}% 78
\BOOKMARK [3][-]{subsubsection.9.3.2}{求逆序数}{subsection.9.3}% 79
\BOOKMARK [3][-]{subsubsection.9.3.3}{区间更新单点查询}{subsection.9.3}% 80
\BOOKMARK [3][-]{subsubsection.9.3.4}{区间更新区间求和}{subsection.9.3}% 81
\BOOKMARK [3][-]{subsubsection.9.3.5}{二维树状数组–单点更新区间求和}{subsection.9.3}% 82
\BOOKMARK [3][-]{subsubsection.9.3.6}{二维树状数组–区间更新单点查询}{subsection.9.3}% 83
\BOOKMARK [1][-]{section.10}{其他}{}% 84
\BOOKMARK [2][-]{subsection.10.1}{双指针/尺取法}{section.10}% 85
\BOOKMARK [3][-]{subsubsection.10.1.1}{一维}{subsection.10.1}% 86
\BOOKMARK [3][-]{subsubsection.10.1.2}{二维}{subsection.10.1}% 87
\BOOKMARK [2][-]{subsection.10.2}{单调队列/单调栈}{section.10}% 88
\BOOKMARK [3][-]{subsubsection.10.2.1}{最大m子段和}{subsection.10.2}% 89
\BOOKMARK [3][-]{subsubsection.10.2.2}{m区间最小值}{subsection.10.2}% 90
\BOOKMARK [3][-]{subsubsection.10.2.3}{作为最大/最小值能延伸的区间}{subsection.10.2}% 91
\BOOKMARK [2][-]{subsection.10.3}{笛卡尔树}{section.10}% 92
\BOOKMARK [2][-]{subsection.10.4}{矩阵快速幂}{section.10}% 93
\BOOKMARK [2][-]{subsection.10.5}{判断重边}{section.10}% 94
\BOOKMARK [2][-]{subsection.10.6}{BM递推}{section.10}% 95
\BOOKMARK [2][-]{subsection.10.7}{大数平方数判断}{section.10}% 96
\BOOKMARK [2][-]{subsection.10.8}{技巧}{section.10}% 97
\BOOKMARK [3][-]{subsubsection.10.8.1}{Bitset}{subsection.10.8}% 98
\BOOKMARK [3][-]{subsubsection.10.8.2}{快读}{subsection.10.8}% 99
\BOOKMARK [3][-]{subsubsection.10.8.3}{离散化}{subsection.10.8}% 100
\BOOKMARK [2][-]{subsection.10.9}{一些比较有意思的题目}{section.10}% 101
\BOOKMARK [3][-]{subsubsection.10.9.1}{hdu6468——求1-n字典序第m个数}{subsection.10.9}% 102
\BOOKMARK [3][-]{subsubsection.10.9.2}{cf1144E——求字符串中位数\(26进制模拟\)}{subsection.10.9}% 103
\BOOKMARK [3][-]{subsubsection.10.9.3}{牛客548B——除法模拟}{subsection.10.9}% 104
\BOOKMARK [2][-]{subsection.10.10}{hdu4507——数位dp求平方和}{section.10}% 105
