\BOOKMARK [1][-]{section.1}{String}{}% 1
\BOOKMARK [2][-]{subsection.1.1}{STL}{section.1}% 2
\BOOKMARK [2][-]{subsection.1.2}{Max/Min-Expression}{section.1}% 3
\BOOKMARK [2][-]{subsection.1.3}{KMP}{section.1}% 4
\BOOKMARK [2][-]{subsection.1.4}{EXKMP}{section.1}% 5
\BOOKMARK [2][-]{subsection.1.5}{Hash}{section.1}% 6
\BOOKMARK [2][-]{subsection.1.6}{Trie}{section.1}% 7
\BOOKMARK [2][-]{subsection.1.7}{AC-Automaton}{section.1}% 8
\BOOKMARK [2][-]{subsection.1.8}{Manacher}{section.1}% 9
\BOOKMARK [2][-]{subsection.1.9}{Palindromic-Tree}{section.1}% 10
\BOOKMARK [2][-]{subsection.1.10}{Suffix-Array}{section.1}% 11
\BOOKMARK [3][-]{subsubsection.1.10.1}{Usage}{subsection.1.10}% 12
\BOOKMARK [2][-]{subsection.1.11}{Suffix-Automaton}{section.1}% 13
\BOOKMARK [3][-]{subsubsection.1.11.1}{Usage}{subsection.1.11}% 14
\BOOKMARK [3][-]{subsubsection.1.11.2}{Memo}{subsection.1.11}% 15
\BOOKMARK [1][-]{section.2}{ProblemSet}{}% 16
\BOOKMARK [2][-]{subsection.2.1}{Trie}{section.2}% 17
\BOOKMARK [3][-]{subsubsection.2.1.1}{区间异或最大值}{subsection.2.1}% 18
\BOOKMARK [3][-]{subsubsection.2.1.2}{路径异或最大值}{subsection.2.1}% 19
\BOOKMARK [3][-]{subsubsection.2.1.3}{子树异或最大值}{subsection.2.1}% 20
\BOOKMARK [3][-]{subsubsection.2.1.4}{编辑距离}{subsection.2.1}% 21
\BOOKMARK [3][-]{subsubsection.2.1.5}{trie树上dp}{subsection.2.1}% 22
\BOOKMARK [2][-]{subsection.2.2}{Pam}{section.2}% 23
\BOOKMARK [3][-]{subsubsection.2.2.1}{双向插入}{subsection.2.2}% 24
\BOOKMARK [3][-]{subsubsection.2.2.2}{next和fail统计贡献}{subsection.2.2}% 25
\BOOKMARK [2][-]{subsection.2.3}{Sa}{section.2}% 26
\BOOKMARK [3][-]{subsubsection.2.3.1}{可重第k小子串}{subsection.2.3}% 27
\BOOKMARK [3][-]{subsubsection.2.3.2}{单调栈+边界}{subsection.2.3}% 28
\BOOKMARK [3][-]{subsubsection.2.3.3}{单调栈}{subsection.2.3}% 29
\BOOKMARK [2][-]{subsection.2.4}{Sam}{section.2}% 30
\BOOKMARK [3][-]{subsubsection.2.4.1}{出现k次子串}{subsection.2.4}% 31
\BOOKMARK [3][-]{subsubsection.2.4.2}{不同子串个数}{subsection.2.4}% 32
\BOOKMARK [3][-]{subsubsection.2.4.3}{长度大于等于m不同子串个数}{subsection.2.4}% 33
\BOOKMARK [3][-]{subsubsection.2.4.4}{字典序第k小子串}{subsection.2.4}% 34
\BOOKMARK [3][-]{subsubsection.2.4.5}{循环字典序第k小}{subsection.2.4}% 35
\BOOKMARK [2][-]{subsection.2.5}{其他}{section.2}% 36
\BOOKMARK [3][-]{subsubsection.2.5.1}{k短路}{subsection.2.5}% 37
\BOOKMARK [3][-]{subsubsection.2.5.2}{k小团}{subsection.2.5}% 38
\BOOKMARK [3][-]{subsubsection.2.5.3}{floyd最小环}{subsection.2.5}% 39
\BOOKMARK [3][-]{subsubsection.2.5.4}{dijk费用流+vector建图}{subsection.2.5}% 40
\BOOKMARK [3][-]{subsubsection.2.5.5}{分层图最短路}{subsection.2.5}% 41
\BOOKMARK [3][-]{subsubsection.2.5.6}{日期公式}{subsection.2.5}% 42
\BOOKMARK [3][-]{subsubsection.2.5.7}{二维RMQ}{subsection.2.5}% 43
\BOOKMARK [3][-]{subsubsection.2.5.8}{左偏树+并查集}{subsection.2.5}% 44
\BOOKMARK [3][-]{subsubsection.2.5.9}{左偏树+dfs}{subsection.2.5}% 45
\BOOKMARK [3][-]{subsubsection.2.5.10}{左偏树+dfs}{subsection.2.5}% 46
